
/home/runner/work/exp-kinematic-indeterminacy-iitd/exp-kinematic-indeterminacy-iitd/experiment/simulation/main.js
    2:11  warning  'displayText1' is defined but never used         no-unused-vars
   21:9   warning  Move function declaration to function body root  no-inner-declarations
   62:14  warning  'displayText2' is defined but never used         no-unused-vars
   84:7   warning  Move function declaration to function body root  no-inner-declarations
  126:14  warning  'displayText3' is defined but never used         no-unused-vars
  148:9   warning  Move function declaration to function body root  no-inner-declarations
  190:14  warning  'displayText4' is defined but never used         no-unused-vars
  214:9   warning  Move function declaration to function body root  no-inner-declarations
  258:14  warning  'displayText5' is defined but never used         no-unused-vars
  277:9   warning  Move function declaration to function body root  no-inner-declarations
  318:14  warning  'displayText6' is defined but never used         no-unused-vars
  341:9   warning  Move function declaration to function body root  no-inner-declarations
  382:10  warning  'restart' is defined but never used              no-unused-vars
  388:10  warning  'navNext0' is defined but never used             no-unused-vars
  407:10  warning  'navNext0a' is defined but never used            no-unused-vars
  435:10  warning  'navNext1a' is defined but never used            no-unused-vars
  444:10  warning  'navNext1b' is defined but never used            no-unused-vars
  454:10  warning  'navNext1c' is defined but never used            no-unused-vars
  464:10  warning  'navNext1d' is defined but never used            no-unused-vars
  474:10  warning  'navNext1e' is defined but never used            no-unused-vars
  484:10  warning  'navNext1f' is defined but never used            no-unused-vars
  496:10  warning  'add_stand' is defined but never used            no-unused-vars
  532:10  warning  'start_analysis' is defined but never used       no-unused-vars
  536:10  warning  'add_aluminium_bar' is defined but never used    no-unused-vars
  557:10  warning  'start_Analysis' is defined but never used       no-unused-vars

✖ 25 problems (0 errors, 25 warnings)

